

***********************************************************************
Fatal NI connect error 12537, connecting to:
 (DESCRIPTION=(ADDRESS=(PROTOCOL=TCP)(HOST=192.168.14.31)(PORT=1521))(CONNECT_DATA=(SERVICE_NAME=tpebiz01)(CID=(PROGRAM=D:\SolutionList\NPISolution\BatchConsoleApp\bin\Debug\batchconsoleapp.vshost.exe)(HOST=MACROSS_TUAN-PC)(USER=Wen-Bin_Tsai))))

  VERSION INFORMATION:
	TNS for 32-bit Windows: Version 10.2.0.1.0 - Production
	Windows NT TCP/IP NT Protocol Adapter for 32-bit Windows: Version 10.2.0.1.0 - Production
  Time: 07-1月 -2009 16:03:33
  Tracing not turned on.
  Tns error struct:
    ns main err code: 12537
    TNS-12537: TNS:已關閉連線
    ns secondary err code: 12560
    nt main err code: 507
    TNS-00507: 已關閉連線
    nt secondary err code: 0
    nt OS err code: 0


***********************************************************************
Fatal NI connect error 12514, connecting to:
 (DESCRIPTION=(ADDRESS=(PROTOCOL=TCP)(HOST=172.21.128.235)(PORT=1521))(CONNECT_DATA=(SERVICE_NAME=tpwmdbt)(CID=(PROGRAM=D:\job\NPI\batch\BatchConsoleApp.exe)(HOST=TP-SRM-04)(USER=wen-bin_tsai))))

  VERSION INFORMATION:
	TNS for 32-bit Windows: Version 10.2.0.1.0 - Production
	Windows NT TCP/IP NT Protocol Adapter for 32-bit Windows: Version 10.2.0.1.0 - Production
  Time: 20-1月 -2009 16:38:43
  Tracing not turned on.
  Tns error struct:
    ns main err code: 12564
    TNS-12564: TNS:連線被拒
    ns secondary err code: 0
    nt main err code: 0
    nt secondary err code: 0
    nt OS err code: 0
