

***********************************************************************
Fatal NI connect error 12537, connecting to:
 (DESCRIPTION=(ADDRESS=(PROTOCOL=TCP)(HOST=192.168.14.31)(PORT=1521))(CONNECT_DATA=(SERVICE_NAME=tpebiz01)(CID=(PROGRAM=D:\SolutionList\NPISolution\BatchConsoleApp\bin\Debug\batchconsoleapp.vshost.exe)(HOST=MACROSS_TUAN-PC)(USER=Wen-Bin_Tsai))))

  VERSION INFORMATION:
	TNS for 32-bit Windows: Version 10.2.0.1.0 - Production
	Windows NT TCP/IP NT Protocol Adapter for 32-bit Windows: Version 10.2.0.1.0 - Production
  Time: 07-1月 -2009 16:03:33
  Tracing not turned on.
  Tns error struct:
    ns main err code: 12537
    TNS-12537: TNS:已關閉連線
    ns secondary err code: 12560
    nt main err code: 507
    TNS-00507: 已關閉連線
    nt secondary err code: 0
    nt OS err code: 0


***********************************************************************
Fatal NI connect error 12541, connecting to:
 (DESCRIPTION=(ADDRESS=(PROTOCOL=TCP)(HOST=192.168.14.31)(PORT=1521))(CONNECT_DATA=(SERVICE_NAME=tpebiz01)(CID=(PROGRAM=D:\SolutionList\NPISolution\BatchConsoleApp\bin\Debug\batchconsoleapp.vshost.exe)(HOST=MACROSS_TUAN-PC)(USER=Wen-Bin_Tsai))))

  VERSION INFORMATION:
	TNS for 32-bit Windows: Version 10.2.0.1.0 - Production
	Windows NT TCP/IP NT Protocol Adapter for 32-bit Windows: Version 10.2.0.1.0 - Production
  Time: 22-1月 -2009 16:03:29
  Tracing not turned on.
  Tns error struct:
    ns main err code: 12541
    TNS-12541: TNS:沒有監聽器
    ns secondary err code: 12560
    nt main err code: 511
    TNS-00511: 沒有監聽器
    nt secondary err code: 61
    nt OS err code: 0


***********************************************************************
Fatal NI connect error 12541, connecting to:
 (DESCRIPTION=(ADDRESS=(PROTOCOL=TCP)(HOST=192.168.14.31)(PORT=1521))(CONNECT_DATA=(SERVICE_NAME=tpebiz01)(CID=(PROGRAM=D:\SolutionList\NPISolution\BatchConsoleApp\bin\Debug\batchconsoleapp.vshost.exe)(HOST=MACROSS_TUAN-PC)(USER=Wen-Bin_Tsai))))

  VERSION INFORMATION:
	TNS for 32-bit Windows: Version 10.2.0.1.0 - Production
	Windows NT TCP/IP NT Protocol Adapter for 32-bit Windows: Version 10.2.0.1.0 - Production
  Time: 22-1月 -2009 16:05:01
  Tracing not turned on.
  Tns error struct:
    ns main err code: 12541
    TNS-12541: TNS:沒有監聽器
    ns secondary err code: 12560
    nt main err code: 511
    TNS-00511: 沒有監聽器
    nt secondary err code: 61
    nt OS err code: 0
